nohup: ignoring input
/home/yipkc/anaconda3/envs/BCNB/lib/python3.7/site-packages/torch/distributed/launch.py:186: FutureWarning: The module torch.distributed.launch is deprecated
and will be removed in future. Use torchrun.
Note that --use_env is set by default in torchrun.
If your script expects `--local_rank` argument to be set, please
change it to read from `os.environ['LOCAL_RANK']` instead. See 
https://pytorch.org/docs/stable/distributed.html#launch-utility for 
further instructions

  FutureWarning,
WARNING:torch.distributed.run:
*****************************************
Setting OMP_NUM_THREADS environment variable for each process to be 1 in default, to avoid your system being overloaded, please further tune the variable for optimal performance in your application as needed. 
*****************************************
Using cache found in /home/yipkc/.cache/torch/hub/facebookresearch_xcit_main
Using cache found in /home/yipkc/.cache/torch/hub/facebookresearch_xcit_main
| distributed init (rank 1): env://
| distributed init (rank 0): env://
/home/yipkc/anaconda3/envs/BCNB/lib/python3.7/site-packages/torchvision/transforms/transforms.py:892: UserWarning: Argument 'interpolation' of type int is deprecated since 0.13 and will be removed in 0.15. Please use InterpolationMode enum.
  "Argument 'interpolation' of type int is deprecated since 0.13 and will be removed in 0.15. "
git:
  sha: e6ba5e92c4725b7f36fbde6221be43e289c1f8b0, status: has uncommited changes, branch: master

arch: vit_small
batch_size_per_gpu: 64
clip_grad: 3.0
data_path: /jhcnas2/home/yipkc/BCNB/CLAM/extracted_mag20x_patch256_fp/patch_imgs_train/
dist_url: env://
drop_path_rate: 0.1
epochs: 100
freeze_last_layer: 1
global_crops_scale: (0.4, 1.0)
gpu: 0
local_crops_number: 8
local_crops_scale: (0.05, 0.4)
local_rank: 0
lr: 0.0005
min_lr: 1e-06
momentum_teacher: 0.996
norm_last_layer: True
num_workers: 10
optimizer: adamw
out_dim: 65536
output_dir: /jhcnas2/home/yipkc/BCNB/CLAM/ckpts/pretrain/
patch_size: 16
rank: 0
saveckp_freq: 20
seed: 0
teacher_temp: 0.04
use_bn_in_head: False
use_fp16: True
warmup_epochs: 10
warmup_teacher_temp: 0.04
warmup_teacher_temp_epochs: 0
weight_decay: 0.04
weight_decay_end: 0.4
world_size: 2
/home/yipkc/anaconda3/envs/BCNB/lib/python3.7/site-packages/torchvision/transforms/transforms.py:892: UserWarning: Argument 'interpolation' of type int is deprecated since 0.13 and will be removed in 0.15. Please use InterpolationMode enum.
  "Argument 'interpolation' of type int is deprecated since 0.13 and will be removed in 0.15. "
Data loaded: there are 1060217 images.
Student and Teacher are built: they are both vit_small network.
Loss, optimizer and schedulers ready.
Starting DINO training !
Epoch: [0/100]  [   0/8282]  eta: 1 day, 16:40:21  loss: 10.672706 (10.672706)  lr: 0.000000 (0.000000)  wd: 0.040000 (0.040000)  time: 17.679451  data: 6.547262  max mem: 11163
Epoch: [0/100]  [  10/8282]  eta: 4:33:22  loss: 10.925261 (10.894089)  lr: 0.000000 (0.000000)  wd: 0.040000 (0.040000)  time: 1.982880  data: 0.596997  max mem: 11484
Epoch: [0/100]  [  20/8282]  eta: 2:50:30  loss: 10.992407 (10.975570)  lr: 0.000000 (0.000000)  wd: 0.040000 (0.040000)  time: 0.416149  data: 0.001156  max mem: 11484
Epoch: [0/100]  [  30/8282]  eta: 2:15:40  loss: 11.091271 (11.019542)  lr: 0.000000 (0.000000)  wd: 0.040000 (0.040000)  time: 0.438512  data: 0.000341  max mem: 11484
Epoch: [0/100]  [  40/8282]  eta: 1:57:14  loss: 11.122868 (11.045267)  lr: 0.000000 (0.000000)  wd: 0.040000 (0.040000)  time: 0.449461  data: 0.000662  max mem: 11484
Epoch: [0/100]  [  50/8282]  eta: 1:45:24  loss: 11.137676 (11.067254)  lr: 0.000000 (0.000000)  wd: 0.040000 (0.040000)  time: 0.430129  data: 0.000672  max mem: 11484
Epoch: [0/100]  [  60/8282]  eta: 1:37:59  loss: 11.143422 (11.080634)  lr: 0.000000 (0.000000)  wd: 0.040000 (0.040000)  time: 0.431335  data: 0.000330  max mem: 11484
Epoch: [0/100]  [  70/8282]  eta: 1:37:07  loss: 11.159798 (11.091221)  lr: 0.000000 (0.000000)  wd: 0.040000 (0.040000)  time: 0.560031  data: 0.070111  max mem: 11484
Epoch: [0/100]  [  80/8282]  eta: 1:35:00  loss: 11.159798 (11.099233)  lr: 0.000000 (0.000000)  wd: 0.040000 (0.040000)  time: 0.633919  data: 0.144164  max mem: 11484
Epoch: [0/100]  [  90/8282]  eta: 1:33:12  loss: 11.143244 (11.103443)  lr: 0.000000 (0.000000)  wd: 0.040000 (0.040000)  time: 0.586839  data: 0.111634  max mem: 11484
Epoch: [0/100]  [ 100/8282]  eta: 1:31:28  loss: 11.145288 (11.108177)  lr: 0.000000 (0.000000)  wd: 0.040000 (0.040000)  time: 0.572605  data: 0.099141  max mem: 11484
Epoch: [0/100]  [ 110/8282]  eta: 1:29:44  loss: 11.140417 (11.109572)  lr: 0.000000 (0.000000)  wd: 0.040000 (0.040000)  time: 0.551010  data: 0.105532  max mem: 11484
Epoch: [0/100]  [ 120/8282]  eta: 1:27:54  loss: 11.113771 (11.110082)  lr: 0.000000 (0.000000)  wd: 0.040000 (0.040000)  time: 0.522081  data: 0.078458  max mem: 11484
Epoch: [0/100]  [ 130/8282]  eta: 1:26:35  loss: 11.116240 (11.110727)  lr: 0.000000 (0.000000)  wd: 0.040000 (0.040000)  time: 0.517591  data: 0.078933  max mem: 11484
Epoch: [0/100]  [ 140/8282]  eta: 1:26:53  loss: 11.118765 (11.111210)  lr: 0.000000 (0.000000)  wd: 0.040000 (0.040000)  time: 0.604870  data: 0.175416  max mem: 11484
Epoch: [0/100]  [ 150/8282]  eta: 1:26:07  loss: 11.109303 (11.111164)  lr: 0.000000 (0.000000)  wd: 0.040000 (0.040000)  time: 0.623186  data: 0.192441  max mem: 11484
Epoch: [0/100]  [ 160/8282]  eta: 1:25:23  loss: 11.112350 (11.111447)  lr: 0.000000 (0.000000)  wd: 0.040000 (0.040000)  time: 0.563195  data: 0.098168  max mem: 11484
Epoch: [0/100]  [ 170/8282]  eta: 1:24:44  loss: 11.096773 (11.109998)  lr: 0.000000 (0.000000)  wd: 0.040000 (0.040000)  time: 0.561617  data: 0.097478  max mem: 11484
Epoch: [0/100]  [ 180/8282]  eta: 1:23:48  loss: 11.083142 (11.109169)  lr: 0.000001 (0.000000)  wd: 0.040000 (0.040000)  time: 0.539228  data: 0.104301  max mem: 11484
Epoch: [0/100]  [ 190/8282]  eta: 1:22:59  loss: 11.083640 (11.108108)  lr: 0.000001 (0.000000)  wd: 0.040000 (0.040000)  time: 0.517311  data: 0.092419  max mem: 11484
Epoch: [0/100]  [ 200/8282]  eta: 1:23:23  loss: 11.080200 (11.106519)  lr: 0.000001 (0.000000)  wd: 0.040000 (0.040000)  time: 0.605566  data: 0.187741  max mem: 11484
Epoch: [0/100]  [ 210/8282]  eta: 1:23:01  loss: 11.068242 (11.104769)  lr: 0.000001 (0.000000)  wd: 0.040000 (0.040000)  time: 0.634232  data: 0.199945  max mem: 11484
Epoch: [0/100]  [ 220/8282]  eta: 1:22:18  loss: 11.068242 (11.103784)  lr: 0.000001 (0.000000)  wd: 0.040000 (0.040000)  time: 0.546329  data: 0.102103  max mem: 11484
Epoch: [0/100]  [ 230/8282]  eta: 1:21:35  loss: 11.067706 (11.101935)  lr: 0.000001 (0.000000)  wd: 0.040000 (0.040000)  time: 0.510896  data: 0.076524  max mem: 11484
Epoch: [0/100]  [ 240/8282]  eta: 1:21:17  loss: 11.056828 (11.099409)  lr: 0.000001 (0.000000)  wd: 0.040000 (0.040000)  time: 0.539957  data: 0.085239  max mem: 11484
Epoch: [0/100]  [ 250/8282]  eta: 1:20:34  loss: 11.035499 (11.096384)  lr: 0.000001 (0.000000)  wd: 0.040000 (0.040000)  time: 0.532032  data: 0.071075  max mem: 11484
Epoch: [0/100]  [ 260/8282]  eta: 1:20:24  loss: 11.025576 (11.094169)  lr: 0.000001 (0.000000)  wd: 0.040000 (0.040000)  time: 0.539359  data: 0.108129  max mem: 11484
Epoch: [0/100]  [ 270/8282]  eta: 1:20:40  loss: 11.025766 (11.091617)  lr: 0.000001 (0.000000)  wd: 0.040000 (0.040000)  time: 0.632439  data: 0.196736  max mem: 11484
Epoch: [0/100]  [ 280/8282]  eta: 1:20:24  loss: 11.029397 (11.089231)  lr: 0.000001 (0.000000)  wd: 0.040000 (0.040000)  time: 0.622267  data: 0.160838  max mem: 11484
Epoch: [0/100]  [ 290/8282]  eta: 1:20:04  loss: 11.029849 (11.086645)  lr: 0.000001 (0.000000)  wd: 0.040000 (0.040000)  time: 0.559729  data: 0.098604  max mem: 11484
Epoch: [0/100]  [ 300/8282]  eta: 1:19:50  loss: 10.999436 (11.083455)  lr: 0.000001 (0.000000)  wd: 0.040000 (0.040000)  time: 0.561527  data: 0.110779  max mem: 11484
Epoch: [0/100]  [ 310/8282]  eta: 1:19:25  loss: 11.002613 (11.081550)  lr: 0.000001 (0.000000)  wd: 0.040000 (0.040000)  time: 0.550263  data: 0.102147  max mem: 11484
Epoch: [0/100]  [ 320/8282]  eta: 1:19:20  loss: 11.004119 (11.078911)  lr: 0.000001 (0.000000)  wd: 0.040000 (0.040000)  time: 0.564751  data: 0.115028  max mem: 11484
Epoch: [0/100]  [ 330/8282]  eta: 1:19:06  loss: 10.985209 (11.075944)  lr: 0.000001 (0.000000)  wd: 0.040000 (0.040000)  time: 0.582146  data: 0.148968  max mem: 11484
Epoch: [0/100]  [ 340/8282]  eta: 1:19:00  loss: 10.964271 (11.072035)  lr: 0.000001 (0.000001)  wd: 0.040000 (0.040000)  time: 0.580439  data: 0.146703  max mem: 11484
Epoch: [0/100]  [ 350/8282]  eta: 1:18:34  loss: 10.938573 (11.068578)  lr: 0.000001 (0.000001)  wd: 0.040000 (0.040000)  time: 0.551516  data: 0.099617  max mem: 11484
Epoch: [0/100]  [ 360/8282]  eta: 1:18:22  loss: 10.959269 (11.065397)  lr: 0.000001 (0.000001)  wd: 0.040000 (0.040000)  time: 0.538375  data: 0.079075  max mem: 11484
Epoch: [0/100]  [ 370/8282]  eta: 1:17:49  loss: 10.959269 (11.062693)  lr: 0.000001 (0.000001)  wd: 0.040000 (0.040000)  time: 0.517342  data: 0.075704  max mem: 11484
Epoch: [0/100]  [ 380/8282]  eta: 1:17:52  loss: 10.938787 (11.059231)  lr: 0.000001 (0.000001)  wd: 0.040000 (0.040000)  time: 0.548673  data: 0.132725  max mem: 11484
Epoch: [0/100]  [ 390/8282]  eta: 1:17:35  loss: 10.924941 (11.056252)  lr: 0.000001 (0.000001)  wd: 0.040000 (0.040000)  time: 0.585534  data: 0.161314  max mem: 11484
Epoch: [0/100]  [ 400/8282]  eta: 1:17:21  loss: 10.946321 (11.053217)  lr: 0.000001 (0.000001)  wd: 0.040000 (0.040000)  time: 0.543949  data: 0.106223  max mem: 11484
Epoch: [0/100]  [ 410/8282]  eta: 1:17:01  loss: 10.908025 (11.049626)  lr: 0.000001 (0.000001)  wd: 0.040000 (0.040000)  time: 0.531815  data: 0.091276  max mem: 11484
Epoch: [0/100]  [ 420/8282]  eta: 1:16:44  loss: 10.905149 (11.046696)  lr: 0.000001 (0.000001)  wd: 0.040000 (0.040000)  time: 0.520782  data: 0.082387  max mem: 11484
Epoch: [0/100]  [ 430/8282]  eta: 1:16:28  loss: 10.892240 (11.042369)  lr: 0.000001 (0.000001)  wd: 0.040000 (0.040000)  time: 0.529386  data: 0.089288  max mem: 11484
Epoch: [0/100]  [ 440/8282]  eta: 1:16:36  loss: 10.871960 (11.038957)  lr: 0.000001 (0.000001)  wd: 0.040000 (0.040000)  time: 0.594558  data: 0.161020  max mem: 11484
Epoch: [0/100]  [ 450/8282]  eta: 1:16:16  loss: 10.880014 (11.035419)  lr: 0.000001 (0.000001)  wd: 0.040000 (0.040000)  time: 0.583416  data: 0.147950  max mem: 11484
Epoch: [0/100]  [ 460/8282]  eta: 1:16:08  loss: 10.873961 (11.032266)  lr: 0.000001 (0.000001)  wd: 0.040000 (0.040000)  time: 0.539157  data: 0.085806  max mem: 11484
Epoch: [0/100]  [ 470/8282]  eta: 1:16:01  loss: 10.884496 (11.029044)  lr: 0.000001 (0.000001)  wd: 0.040000 (0.040000)  time: 0.572994  data: 0.102490  max mem: 11484
Epoch: [0/100]  [ 480/8282]  eta: 1:15:42  loss: 10.873420 (11.025403)  lr: 0.000001 (0.000001)  wd: 0.040000 (0.040000)  time: 0.541379  data: 0.082279  max mem: 11484
Epoch: [0/100]  [ 490/8282]  eta: 1:15:24  loss: 10.841563 (11.021723)  lr: 0.000001 (0.000001)  wd: 0.040000 (0.040000)  time: 0.503797  data: 0.055240  max mem: 11484
Epoch: [0/100]  [ 500/8282]  eta: 1:15:31  loss: 10.844993 (11.018388)  lr: 0.000001 (0.000001)  wd: 0.040000 (0.040000)  time: 0.581673  data: 0.125814  max mem: 11484
Epoch: [0/100]  [ 510/8282]  eta: 1:15:10  loss: 10.865134 (11.015324)  lr: 0.000002 (0.000001)  wd: 0.040000 (0.040000)  time: 0.574596  data: 0.133463  max mem: 11484
Epoch: [0/100]  [ 520/8282]  eta: 1:14:51  loss: 10.848161 (11.012131)  lr: 0.000002 (0.000001)  wd: 0.040000 (0.040000)  time: 0.488680  data: 0.057247  max mem: 11484
Epoch: [0/100]  [ 530/8282]  eta: 1:14:39  loss: 10.835970 (11.008523)  lr: 0.000002 (0.000001)  wd: 0.040000 (0.040000)  time: 0.512599  data: 0.063266  max mem: 11484
Epoch: [0/100]  [ 540/8282]  eta: 1:14:25  loss: 10.826737 (11.005453)  lr: 0.000002 (0.000001)  wd: 0.040000 (0.040000)  time: 0.526670  data: 0.066836  max mem: 11484
Epoch: [0/100]  [ 550/8282]  eta: 1:14:15  loss: 10.837008 (11.002180)  lr: 0.000002 (0.000001)  wd: 0.040000 (0.040000)  time: 0.535282  data: 0.099065  max mem: 11484
Epoch: [0/100]  [ 560/8282]  eta: 1:14:27  loss: 10.825247 (10.998784)  lr: 0.000002 (0.000001)  wd: 0.040000 (0.040000)  time: 0.628307  data: 0.192168  max mem: 11484
Epoch: [0/100]  [ 570/8282]  eta: 1:14:18  loss: 10.814852 (10.995546)  lr: 0.000002 (0.000001)  wd: 0.040000 (0.040000)  time: 0.628043  data: 0.174664  max mem: 11484
Epoch: [0/100]  [ 580/8282]  eta: 1:14:11  loss: 10.809507 (10.992075)  lr: 0.000002 (0.000001)  wd: 0.040000 (0.040000)  time: 0.562471  data: 0.107119  max mem: 11484
Epoch: [0/100]  [ 590/8282]  eta: 1:13:58  loss: 10.791108 (10.988502)  lr: 0.000002 (0.000001)  wd: 0.040000 (0.040000)  time: 0.545007  data: 0.090858  max mem: 11484
Epoch: [0/100]  [ 600/8282]  eta: 1:13:44  loss: 10.787068 (10.984940)  lr: 0.000002 (0.000001)  wd: 0.040000 (0.040000)  time: 0.517764  data: 0.077700  max mem: 11484
Epoch: [0/100]  [ 610/8282]  eta: 1:13:35  loss: 10.785052 (10.981955)  lr: 0.000002 (0.000001)  wd: 0.040000 (0.040000)  time: 0.532912  data: 0.086945  max mem: 11484
Epoch: [0/100]  [ 620/8282]  eta: 1:13:44  loss: 10.781939 (10.978412)  lr: 0.000002 (0.000001)  wd: 0.040000 (0.040000)  time: 0.621712  data: 0.167499  max mem: 11484
Epoch: [0/100]  [ 630/8282]  eta: 1:13:42  loss: 10.773144 (10.975433)  lr: 0.000002 (0.000001)  wd: 0.040000 (0.040000)  time: 0.650933  data: 0.175171  max mem: 11484
Epoch: [0/100]  [ 640/8282]  eta: 1:13:33  loss: 10.795038 (10.972546)  lr: 0.000002 (0.000001)  wd: 0.040001 (0.040000)  time: 0.576748  data: 0.102993  max mem: 11484
Epoch: [0/100]  [ 650/8282]  eta: 1:13:12  loss: 10.791661 (10.969529)  lr: 0.000002 (0.000001)  wd: 0.040001 (0.040000)  time: 0.500522  data: 0.054790  max mem: 11484
Epoch: [0/100]  [ 660/8282]  eta: 1:12:58  loss: 10.764119 (10.966462)  lr: 0.000002 (0.000001)  wd: 0.040001 (0.040000)  time: 0.479702  data: 0.027977  max mem: 11484
Epoch: [0/100]  [ 670/8282]  eta: 1:12:45  loss: 10.754454 (10.963079)  lr: 0.000002 (0.000001)  wd: 0.040001 (0.040000)  time: 0.508676  data: 0.058959  max mem: 11484
Epoch: [0/100]  [ 680/8282]  eta: 1:12:56  loss: 10.760956 (10.960289)  lr: 0.000002 (0.000001)  wd: 0.040001 (0.040000)  time: 0.613842  data: 0.182009  max mem: 11484
Epoch: [0/100]  [ 690/8282]  eta: 1:12:48  loss: 10.760956 (10.957114)  lr: 0.000002 (0.000001)  wd: 0.040001 (0.040000)  time: 0.635634  data: 0.199426  max mem: 11484
Epoch: [0/100]  [ 700/8282]  eta: 1:12:36  loss: 10.753526 (10.954358)  lr: 0.000002 (0.000001)  wd: 0.040001 (0.040000)  time: 0.539657  data: 0.091760  max mem: 11484
Epoch: [0/100]  [ 710/8282]  eta: 1:12:22  loss: 10.757288 (10.951512)  lr: 0.000002 (0.000001)  wd: 0.040001 (0.040000)  time: 0.510105  data: 0.066148  max mem: 11484
Epoch: [0/100]  [ 720/8282]  eta: 1:12:12  loss: 10.757288 (10.948821)  lr: 0.000002 (0.000001)  wd: 0.040001 (0.040000)  time: 0.512579  data: 0.057884  max mem: 11484
Epoch: [0/100]  [ 730/8282]  eta: 1:11:57  loss: 10.758046 (10.945927)  lr: 0.000002 (0.000001)  wd: 0.040001 (0.040000)  time: 0.508496  data: 0.056288  max mem: 11484
Epoch: [0/100]  [ 740/8282]  eta: 1:12:03  loss: 10.743920 (10.943334)  lr: 0.000002 (0.000001)  wd: 0.040001 (0.040000)  time: 0.587638  data: 0.156990  max mem: 11484
Epoch: [0/100]  [ 750/8282]  eta: 1:11:58  loss: 10.737232 (10.940559)  lr: 0.000002 (0.000001)  wd: 0.040001 (0.040000)  time: 0.631441  data: 0.189689  max mem: 11484
Epoch: [0/100]  [ 760/8282]  eta: 1:11:43  loss: 10.708735 (10.937421)  lr: 0.000002 (0.000001)  wd: 0.040001 (0.040000)  time: 0.527375  data: 0.078808  max mem: 11484
Epoch: [0/100]  [ 770/8282]  eta: 1:11:30  loss: 10.709896 (10.934842)  lr: 0.000002 (0.000001)  wd: 0.040001 (0.040000)  time: 0.487727  data: 0.053026  max mem: 11484
Epoch: [0/100]  [ 780/8282]  eta: 1:11:22  loss: 10.730536 (10.932136)  lr: 0.000002 (0.000001)  wd: 0.040001 (0.040000)  time: 0.520830  data: 0.089279  max mem: 11484
Epoch: [0/100]  [ 790/8282]  eta: 1:11:14  loss: 10.714765 (10.929228)  lr: 0.000002 (0.000001)  wd: 0.040001 (0.040000)  time: 0.546932  data: 0.110500  max mem: 11484
Epoch: [0/100]  [ 800/8282]  eta: 1:11:19  loss: 10.713351 (10.926563)  lr: 0.000002 (0.000001)  wd: 0.040001 (0.040000)  time: 0.619652  data: 0.179904  max mem: 11484
Epoch: [0/100]  [ 810/8282]  eta: 1:11:19  loss: 10.723296 (10.924155)  lr: 0.000002 (0.000001)  wd: 0.040001 (0.040000)  time: 0.662116  data: 0.236321  max mem: 11484
Epoch: [0/100]  [ 820/8282]  eta: 1:11:06  loss: 10.723296 (10.921598)  lr: 0.000002 (0.000001)  wd: 0.040001 (0.040000)  time: 0.562038  data: 0.133504  max mem: 11484
Epoch: [0/100]  [ 830/8282]  eta: 1:10:55  loss: 10.711122 (10.919057)  lr: 0.000002 (0.000001)  wd: 0.040001 (0.040000)  time: 0.500370  data: 0.055335  max mem: 11484
Epoch: [0/100]  [ 840/8282]  eta: 1:10:44  loss: 10.711122 (10.916586)  lr: 0.000003 (0.000001)  wd: 0.040001 (0.040000)  time: 0.510798  data: 0.065404  max mem: 11484
Epoch: [0/100]  [ 850/8282]  eta: 1:10:36  loss: 10.715446 (10.914378)  lr: 0.000003 (0.000001)  wd: 0.040001 (0.040000)  time: 0.528439  data: 0.092648  max mem: 11484
Epoch: [0/100]  [ 860/8282]  eta: 1:10:26  loss: 10.712776 (10.911925)  lr: 0.000003 (0.000001)  wd: 0.040001 (0.040000)  time: 0.534846  data: 0.104280  max mem: 11484
Epoch: [0/100]  [ 870/8282]  eta: 1:10:30  loss: 10.707442 (10.909418)  lr: 0.000003 (0.000001)  wd: 0.040001 (0.040000)  time: 0.600899  data: 0.174515  max mem: 11484
Epoch: [0/100]  [ 880/8282]  eta: 1:10:15  loss: 10.667610 (10.906697)  lr: 0.000003 (0.000001)  wd: 0.040001 (0.040000)  time: 0.569108  data: 0.151101  max mem: 11484
Epoch: [0/100]  [ 890/8282]  eta: 1:10:01  loss: 10.670282 (10.904280)  lr: 0.000003 (0.000001)  wd: 0.040001 (0.040000)  time: 0.464702  data: 0.043377  max mem: 11484
Epoch: [0/100]  [ 900/8282]  eta: 1:09:52  loss: 10.686059 (10.901573)  lr: 0.000003 (0.000001)  wd: 0.040001 (0.040000)  time: 0.498887  data: 0.064001  max mem: 11484
Epoch: [0/100]  [ 910/8282]  eta: 1:09:43  loss: 10.653276 (10.898932)  lr: 0.000003 (0.000001)  wd: 0.040001 (0.040000)  time: 0.529170  data: 0.086482  max mem: 11484
Epoch: [0/100]  [ 920/8282]  eta: 1:09:34  loss: 10.654889 (10.896327)  lr: 0.000003 (0.000001)  wd: 0.040001 (0.040000)  time: 0.526163  data: 0.082296  max mem: 11484
Epoch: [0/100]  [ 930/8282]  eta: 1:09:37  loss: 10.657216 (10.893866)  lr: 0.000003 (0.000001)  wd: 0.040001 (0.040000)  time: 0.602307  data: 0.162148  max mem: 11484
Epoch: [0/100]  [ 940/8282]  eta: 1:09:33  loss: 10.672878 (10.891666)  lr: 0.000003 (0.000001)  wd: 0.040001 (0.040000)  time: 0.637026  data: 0.181461  max mem: 11484
Epoch: [0/100]  [ 950/8282]  eta: 1:09:23  loss: 10.686978 (10.889612)  lr: 0.000003 (0.000001)  wd: 0.040001 (0.040000)  time: 0.551226  data: 0.100939  max mem: 11484
Epoch: [0/100]  [ 960/8282]  eta: 1:09:18  loss: 10.678539 (10.887518)  lr: 0.000003 (0.000001)  wd: 0.040001 (0.040000)  time: 0.543689  data: 0.103516  max mem: 11484
Epoch: [0/100]  [ 970/8282]  eta: 1:09:09  loss: 10.669294 (10.885188)  lr: 0.000003 (0.000001)  wd: 0.040001 (0.040000)  time: 0.546725  data: 0.098180  max mem: 11484
Epoch: [0/100]  [ 980/8282]  eta: 1:09:01  loss: 10.668943 (10.882945)  lr: 0.000003 (0.000001)  wd: 0.040001 (0.040000)  time: 0.527976  data: 0.085597  max mem: 11484
Epoch: [0/100]  [ 990/8282]  eta: 1:09:09  loss: 10.653615 (10.880719)  lr: 0.000003 (0.000001)  wd: 0.040001 (0.040000)  time: 0.647899  data: 0.223171  max mem: 11484
Epoch: [0/100]  [1000/8282]  eta: 1:09:04  loss: 10.662267 (10.878456)  lr: 0.000003 (0.000002)  wd: 0.040001 (0.040000)  time: 0.664621  data: 0.234628  max mem: 11484
Epoch: [0/100]  [1010/8282]  eta: 1:08:53  loss: 10.648396 (10.876196)  lr: 0.000003 (0.000002)  wd: 0.040001 (0.040000)  time: 0.535764  data: 0.085373  max mem: 11484
Epoch: [0/100]  [1020/8282]  eta: 1:08:45  loss: 10.648396 (10.873897)  lr: 0.000003 (0.000002)  wd: 0.040001 (0.040000)  time: 0.513921  data: 0.069414  max mem: 11484
Epoch: [0/100]  [1030/8282]  eta: 1:08:33  loss: 10.639887 (10.871607)  lr: 0.000003 (0.000002)  wd: 0.040001 (0.040000)  time: 0.506608  data: 0.080162  max mem: 11484
Epoch: [0/100]  [1040/8282]  eta: 1:08:29  loss: 10.623593 (10.869023)  lr: 0.000003 (0.000002)  wd: 0.040001 (0.040000)  time: 0.537326  data: 0.111446  max mem: 11484
Epoch: [0/100]  [1050/8282]  eta: 1:08:28  loss: 10.598926 (10.866624)  lr: 0.000003 (0.000002)  wd: 0.040001 (0.040000)  time: 0.614708  data: 0.176051  max mem: 11484
Epoch: [0/100]  [1060/8282]  eta: 1:08:17  loss: 10.577003 (10.863560)  lr: 0.000003 (0.000002)  wd: 0.040001 (0.040000)  time: 0.565494  data: 0.130227  max mem: 11484
Epoch: [0/100]  [1070/8282]  eta: 1:08:08  loss: 10.557511 (10.860739)  lr: 0.000003 (0.000002)  wd: 0.040001 (0.040000)  time: 0.501725  data: 0.071865  max mem: 11484
Epoch: [0/100]  [1080/8282]  eta: 1:07:57  loss: 10.557511 (10.857651)  lr: 0.000003 (0.000002)  wd: 0.040001 (0.040001)  time: 0.496315  data: 0.064022  max mem: 11484
Epoch: [0/100]  [1090/8282]  eta: 1:07:45  loss: 10.499953 (10.854287)  lr: 0.000003 (0.000002)  wd: 0.040002 (0.040001)  time: 0.481985  data: 0.049121  max mem: 11484
Epoch: [0/100]  [1100/8282]  eta: 1:07:34  loss: 10.464659 (10.850827)  lr: 0.000003 (0.000002)  wd: 0.040002 (0.040001)  time: 0.477153  data: 0.051678  max mem: 11484
Epoch: [0/100]  [1110/8282]  eta: 1:07:35  loss: 10.476678 (10.847709)  lr: 0.000003 (0.000002)  wd: 0.040002 (0.040001)  time: 0.571687  data: 0.152189  max mem: 11484
Epoch: [0/100]  [1120/8282]  eta: 1:07:31  loss: 10.476678 (10.844151)  lr: 0.000003 (0.000002)  wd: 0.040002 (0.040001)  time: 0.632326  data: 0.213157  max mem: 11484
Epoch: [0/100]  [1130/8282]  eta: 1:07:19  loss: 10.388417 (10.839482)  lr: 0.000003 (0.000002)  wd: 0.040002 (0.040001)  time: 0.527833  data: 0.107124  max mem: 11484
Epoch: [0/100]  [1140/8282]  eta: 1:07:09  loss: 10.279272 (10.834205)  lr: 0.000003 (0.000002)  wd: 0.040002 (0.040001)  time: 0.481961  data: 0.057480  max mem: 11484
Epoch: [0/100]  [1150/8282]  eta: 1:07:02  loss: 10.219255 (10.828494)  lr: 0.000003 (0.000002)  wd: 0.040002 (0.040001)  time: 0.521951  data: 0.096506  max mem: 11484
Epoch: [0/100]  [1160/8282]  eta: 1:06:55  loss: 10.179395 (10.823070)  lr: 0.000003 (0.000002)  wd: 0.040002 (0.040001)  time: 0.543117  data: 0.111703  max mem: 11484
Epoch: [0/100]  [1170/8282]  eta: 1:06:44  loss: 10.110044 (10.816162)  lr: 0.000004 (0.000002)  wd: 0.040002 (0.040001)  time: 0.509830  data: 0.072520  max mem: 11484
Epoch: [0/100]  [1180/8282]  eta: 1:06:48  loss: 10.000450 (10.808874)  lr: 0.000004 (0.000002)  wd: 0.040002 (0.040001)  time: 0.595448  data: 0.163346  max mem: 11484
Epoch: [0/100]  [1190/8282]  eta: 1:06:44  loss: 9.970778 (10.801812)  lr: 0.000004 (0.000002)  wd: 0.040002 (0.040001)  time: 0.657494  data: 0.221638  max mem: 11484
Epoch: [0/100]  [1200/8282]  eta: 1:06:36  loss: 9.892321 (10.794642)  lr: 0.000004 (0.000002)  wd: 0.040002 (0.040001)  time: 0.556560  data: 0.098875  max mem: 11484
Epoch: [0/100]  [1210/8282]  eta: 1:06:26  loss: 9.875338 (10.786532)  lr: 0.000004 (0.000002)  wd: 0.040002 (0.040001)  time: 0.502333  data: 0.056636  max mem: 11484
Epoch: [0/100]  [1220/8282]  eta: 1:06:19  loss: 9.814383 (10.777515)  lr: 0.000004 (0.000002)  wd: 0.040002 (0.040001)  time: 0.519099  data: 0.078692  max mem: 11484
Epoch: [0/100]  [1230/8282]  eta: 1:06:08  loss: 9.719080 (10.768783)  lr: 0.000004 (0.000002)  wd: 0.040002 (0.040001)  time: 0.505076  data: 0.061831  max mem: 11484
Epoch: [0/100]  [1240/8282]  eta: 1:06:06  loss: 9.689957 (10.759091)  lr: 0.000004 (0.000002)  wd: 0.040002 (0.040001)  time: 0.544384  data: 0.124178  max mem: 11484
Epoch: [0/100]  [1250/8282]  eta: 1:06:06  loss: 9.618389 (10.750043)  lr: 0.000004 (0.000002)  wd: 0.040002 (0.040001)  time: 0.645836  data: 0.225921  max mem: 11484
Epoch: [0/100]  [1260/8282]  eta: 1:06:01  loss: 9.490198 (10.739022)  lr: 0.000004 (0.000002)  wd: 0.040002 (0.040001)  time: 0.626993  data: 0.184521  max mem: 11484
Epoch: [0/100]  [1270/8282]  eta: 1:05:52  loss: 9.335745 (10.728474)  lr: 0.000004 (0.000002)  wd: 0.040002 (0.040001)  time: 0.542305  data: 0.092749  max mem: 11484
Epoch: [0/100]  [1280/8282]  eta: 1:05:41  loss: 9.330035 (10.716040)  lr: 0.000004 (0.000002)  wd: 0.040002 (0.040001)  time: 0.480688  data: 0.044308  max mem: 11484
Epoch: [0/100]  [1290/8282]  eta: 1:05:33  loss: 9.104427 (10.703843)  lr: 0.000004 (0.000002)  wd: 0.040002 (0.040001)  time: 0.490931  data: 0.050880  max mem: 11484
Epoch: [0/100]  [1300/8282]  eta: 1:05:25  loss: 9.125535 (10.692133)  lr: 0.000004 (0.000002)  wd: 0.040002 (0.040001)  time: 0.520747  data: 0.087629  max mem: 11484
Epoch: [0/100]  [1310/8282]  eta: 1:05:26  loss: 9.029547 (10.678346)  lr: 0.000004 (0.000002)  wd: 0.040002 (0.040001)  time: 0.602466  data: 0.194707  max mem: 11484
Epoch: [0/100]  [1320/8282]  eta: 1:05:18  loss: 8.938529 (10.666396)  lr: 0.000004 (0.000002)  wd: 0.040002 (0.040001)  time: 0.601299  data: 0.197395  max mem: 11484
Epoch: [0/100]  [1330/8282]  eta: 1:05:11  loss: 8.904780 (10.652189)  lr: 0.000004 (0.000002)  wd: 0.040002 (0.040001)  time: 0.527571  data: 0.109719  max mem: 11484
Epoch: [0/100]  [1340/8282]  eta: 1:05:04  loss: 8.761490 (10.639119)  lr: 0.000004 (0.000002)  wd: 0.040002 (0.040001)  time: 0.539372  data: 0.101029  max mem: 11484
Epoch: [0/100]  [1350/8282]  eta: 1:04:58  loss: 8.761490 (10.624067)  lr: 0.000004 (0.000002)  wd: 0.040002 (0.040001)  time: 0.546652  data: 0.092427  max mem: 11484
Epoch: [0/100]  [1360/8282]  eta: 1:04:50  loss: 8.607343 (10.610344)  lr: 0.000004 (0.000002)  wd: 0.040002 (0.040001)  time: 0.529433  data: 0.074800  max mem: 11484
Epoch: [0/100]  [1370/8282]  eta: 1:04:52  loss: 8.803430 (10.596693)  lr: 0.000004 (0.000002)  wd: 0.040002 (0.040001)  time: 0.617041  data: 0.172578  max mem: 11484
Epoch: [0/100]  [1380/8282]  eta: 1:04:46  loss: 8.803430 (10.583365)  lr: 0.000004 (0.000002)  wd: 0.040002 (0.040001)  time: 0.636299  data: 0.202945  max mem: 11484
Epoch: [0/100]  [1390/8282]  eta: 1:04:40  loss: 8.559071 (10.567281)  lr: 0.000004 (0.000002)  wd: 0.040002 (0.040001)  time: 0.548542  data: 0.115001  max mem: 11484
Epoch: [0/100]  [1400/8282]  eta: 1:04:33  loss: 8.153818 (10.551283)  lr: 0.000004 (0.000002)  wd: 0.040003 (0.040001)  time: 0.545903  data: 0.096810  max mem: 11484
Epoch: [0/100]  [1410/8282]  eta: 1:04:27  loss: 8.342854 (10.536300)  lr: 0.000004 (0.000002)  wd: 0.040003 (0.040001)  time: 0.551495  data: 0.084437  max mem: 11484
Epoch: [0/100]  [1420/8282]  eta: 1:04:21  loss: 8.396947 (10.519677)  lr: 0.000004 (0.000002)  wd: 0.040003 (0.040001)  time: 0.556156  data: 0.094752  max mem: 11484
Epoch: [0/100]  [1430/8282]  eta: 1:04:18  loss: 8.268644 (10.505329)  lr: 0.000004 (0.000002)  wd: 0.040003 (0.040001)  time: 0.585594  data: 0.144037  max mem: 11484
Epoch: [0/100]  [1440/8282]  eta: 1:04:16  loss: 8.284849 (10.490880)  lr: 0.000004 (0.000002)  wd: 0.040003 (0.040001)  time: 0.628552  data: 0.190168  max mem: 11484
Epoch: [0/100]  [1450/8282]  eta: 1:04:12  loss: 8.284849 (10.475237)  lr: 0.000004 (0.000002)  wd: 0.040003 (0.040001)  time: 0.614704  data: 0.172998  max mem: 11484
Epoch: [0/100]  [1460/8282]  eta: 1:04:05  loss: 8.161235 (10.458072)  lr: 0.000004 (0.000002)  wd: 0.040003 (0.040001)  time: 0.566074  data: 0.126705  max mem: 11484
Epoch: [0/100]  [1470/8282]  eta: 1:03:58  loss: 8.012380 (10.440986)  lr: 0.000004 (0.000002)  wd: 0.040003 (0.040001)  time: 0.534336  data: 0.095146  max mem: 11484
Epoch: [0/100]  [1480/8282]  eta: 1:03:51  loss: 8.058694 (10.425007)  lr: 0.000004 (0.000002)  wd: 0.040003 (0.040001)  time: 0.537847  data: 0.092369  max mem: 11484
Epoch: [0/100]  [1490/8282]  eta: 1:03:47  loss: 8.133293 (10.409945)  lr: 0.000004 (0.000002)  wd: 0.040003 (0.040001)  time: 0.564552  data: 0.120839  max mem: 11484
Epoch: [0/100]  [1500/8282]  eta: 1:03:48  loss: 7.933085 (10.392574)  lr: 0.000004 (0.000002)  wd: 0.040003 (0.040001)  time: 0.644227  data: 0.198241  max mem: 11484
Epoch: [0/100]  [1510/8282]  eta: 1:03:39  loss: 7.805020 (10.376189)  lr: 0.000005 (0.000002)  wd: 0.040003 (0.040001)  time: 0.607765  data: 0.174814  max mem: 11484
Epoch: [0/100]  [1520/8282]  eta: 1:03:33  loss: 8.018392 (10.361076)  lr: 0.000005 (0.000002)  wd: 0.040003 (0.040001)  time: 0.529026  data: 0.099076  max mem: 11484
Epoch: [0/100]  [1530/8282]  eta: 1:03:30  loss: 7.955141 (10.344718)  lr: 0.000005 (0.000002)  wd: 0.040003 (0.040001)  time: 0.583487  data: 0.133455  max mem: 11484
Epoch: [0/100]  [1540/8282]  eta: 1:03:22  loss: 7.819601 (10.328213)  lr: 0.000005 (0.000002)  wd: 0.040003 (0.040001)  time: 0.569471  data: 0.130188  max mem: 11484
Epoch: [0/100]  [1550/8282]  eta: 1:03:14  loss: 7.819601 (10.312435)  lr: 0.000005 (0.000002)  wd: 0.040003 (0.040001)  time: 0.511358  data: 0.077475  max mem: 11484
Epoch: [0/100]  [1560/8282]  eta: 1:03:17  loss: 7.767906 (10.295815)  lr: 0.000005 (0.000002)  wd: 0.040003 (0.040001)  time: 0.638223  data: 0.146032  max mem: 11484
Epoch: [0/100]  [1570/8282]  eta: 1:03:11  loss: 7.830550 (10.280645)  lr: 0.000005 (0.000002)  wd: 0.040003 (0.040001)  time: 0.667168  data: 0.171776  max mem: 11484
Epoch: [0/100]  [1580/8282]  eta: 1:03:04  loss: 7.961272 (10.265530)  lr: 0.000005 (0.000002)  wd: 0.040003 (0.040001)  time: 0.543894  data: 0.102764  max mem: 11484
Epoch: [0/100]  [1590/8282]  eta: 1:02:56  loss: 7.794634 (10.249172)  lr: 0.000005 (0.000002)  wd: 0.040003 (0.040001)  time: 0.518124  data: 0.071990  max mem: 11484
Epoch: [0/100]  [1600/8282]  eta: 1:02:49  loss: 7.621620 (10.231710)  lr: 0.000005 (0.000002)  wd: 0.040003 (0.040001)  time: 0.521903  data: 0.055184  max mem: 11484
Epoch: [0/100]  [1610/8282]  eta: 1:02:43  loss: 7.534172 (10.215250)  lr: 0.000005 (0.000002)  wd: 0.040003 (0.040001)  time: 0.536365  data: 0.081466  max mem: 11484
Epoch: [0/100]  [1620/8282]  eta: 1:02:42  loss: 7.528959 (10.198061)  lr: 0.000005 (0.000002)  wd: 0.040003 (0.040001)  time: 0.611370  data: 0.113393  max mem: 11484
Epoch: [0/100]  [1630/8282]  eta: 1:02:38  loss: 7.250771 (10.179643)  lr: 0.000005 (0.000002)  wd: 0.040003 (0.040001)  time: 0.646604  data: 0.107885  max mem: 11484
Epoch: [0/100]  [1640/8282]  eta: 1:02:32  loss: 7.107830 (10.160938)  lr: 0.000005 (0.000002)  wd: 0.040003 (0.040001)  time: 0.585395  data: 0.095918  max mem: 11484
Epoch: [0/100]  [1650/8282]  eta: 1:02:25  loss: 6.858827 (10.140132)  lr: 0.000005 (0.000002)  wd: 0.040003 (0.040001)  time: 0.547599  data: 0.111122  max mem: 11484
Epoch: [0/100]  [1660/8282]  eta: 1:02:19  loss: 6.846525 (10.121683)  lr: 0.000005 (0.000003)  wd: 0.040004 (0.040001)  time: 0.533980  data: 0.107792  max mem: 11484
Epoch: [0/100]  [1670/8282]  eta: 1:02:12  loss: 6.804642 (10.100713)  lr: 0.000005 (0.000003)  wd: 0.040004 (0.040001)  time: 0.540840  data: 0.092690  max mem: 11484
Epoch: [0/100]  [1680/8282]  eta: 1:02:12  loss: 6.617087 (10.079875)  lr: 0.000005 (0.000003)  wd: 0.040004 (0.040001)  time: 0.619278  data: 0.186497  max mem: 11484
Epoch: [0/100]  [1690/8282]  eta: 1:02:08  loss: 6.709748 (10.060581)  lr: 0.000005 (0.000003)  wd: 0.040004 (0.040001)  time: 0.656665  data: 0.212648  max mem: 11484
Epoch: [0/100]  [1700/8282]  eta: 1:02:02  loss: 6.736038 (10.041029)  lr: 0.000005 (0.000003)  wd: 0.040004 (0.040001)  time: 0.585252  data: 0.110543  max mem: 11484
Epoch: [0/100]  [1710/8282]  eta: 1:01:57  loss: 6.651192 (10.020665)  lr: 0.000005 (0.000003)  wd: 0.040004 (0.040001)  time: 0.564676  data: 0.090933  max mem: 11484
Epoch: [0/100]  [1720/8282]  eta: 1:01:52  loss: 6.402682 (9.998927)  lr: 0.000005 (0.000003)  wd: 0.040004 (0.040001)  time: 0.589199  data: 0.129716  max mem: 11484
Epoch: [0/100]  [1730/8282]  eta: 1:01:49  loss: 6.402682 (9.979079)  lr: 0.000005 (0.000003)  wd: 0.040004 (0.040001)  time: 0.609556  data: 0.147376  max mem: 11484
Epoch: [0/100]  [1740/8282]  eta: 1:01:56  loss: 6.424521 (9.957873)  lr: 0.000005 (0.000003)  wd: 0.040004 (0.040001)  time: 0.759369  data: 0.224285  max mem: 11484
Epoch: [0/100]  [1750/8282]  eta: 1:01:55  loss: 6.297951 (9.936100)  lr: 0.000005 (0.000003)  wd: 0.040004 (0.040001)  time: 0.809106  data: 0.270064  max mem: 11484
Epoch: [0/100]  [1760/8282]  eta: 1:01:52  loss: 5.973961 (9.914248)  lr: 0.000005 (0.000003)  wd: 0.040004 (0.040001)  time: 0.676235  data: 0.206536  max mem: 11484
Epoch: [0/100]  [1770/8282]  eta: 1:01:46  loss: 5.984633 (9.892209)  lr: 0.000005 (0.000003)  wd: 0.040004 (0.040001)  time: 0.592082  data: 0.153768  max mem: 11484
Epoch: [0/100]  [1780/8282]  eta: 1:01:41  loss: 5.935549 (9.870437)  lr: 0.000005 (0.000003)  wd: 0.040004 (0.040001)  time: 0.571202  data: 0.140997  max mem: 11484
Epoch: [0/100]  [1790/8282]  eta: 1:01:36  loss: 5.920053 (9.848744)  lr: 0.000005 (0.000003)  wd: 0.040004 (0.040001)  time: 0.591368  data: 0.155169  max mem: 11484
Epoch: [0/100]  [1800/8282]  eta: 1:01:32  loss: 6.137083 (9.828537)  lr: 0.000005 (0.000003)  wd: 0.040004 (0.040001)  time: 0.600707  data: 0.168033  max mem: 11484
Epoch: [0/100]  [1810/8282]  eta: 1:01:25  loss: 6.119043 (9.806948)  lr: 0.000005 (0.000003)  wd: 0.040004 (0.040001)  time: 0.578678  data: 0.153917  max mem: 11484
Epoch: [0/100]  [1820/8282]  eta: 1:01:19  loss: 5.861203 (9.786032)  lr: 0.000005 (0.000003)  wd: 0.040004 (0.040001)  time: 0.552309  data: 0.138339  max mem: 11484
Epoch: [0/100]  [1830/8282]  eta: 1:01:13  loss: 6.027548 (9.766708)  lr: 0.000005 (0.000003)  wd: 0.040004 (0.040001)  time: 0.552318  data: 0.128681  max mem: 11484
Epoch: [0/100]  [1840/8282]  eta: 1:01:06  loss: 6.081370 (9.746575)  lr: 0.000006 (0.000003)  wd: 0.040004 (0.040001)  time: 0.546768  data: 0.110600  max mem: 11484
Epoch: [0/100]  [1850/8282]  eta: 1:01:03  loss: 6.054070 (9.727480)  lr: 0.000006 (0.000003)  wd: 0.040004 (0.040001)  time: 0.593894  data: 0.162366  max mem: 11484
Epoch: [0/100]  [1860/8282]  eta: 1:00:56  loss: 6.009178 (9.706453)  lr: 0.000006 (0.000003)  wd: 0.040004 (0.040001)  time: 0.591254  data: 0.164726  max mem: 11484
Epoch: [0/100]  [1870/8282]  eta: 1:00:53  loss: 5.825714 (9.685729)  lr: 0.000006 (0.000003)  wd: 0.040004 (0.040002)  time: 0.590644  data: 0.161298  max mem: 11484
Epoch: [0/100]  [1880/8282]  eta: 1:00:46  loss: 5.878913 (9.665047)  lr: 0.000006 (0.000003)  wd: 0.040005 (0.040002)  time: 0.582177  data: 0.164125  max mem: 11484
Epoch: [0/100]  [1890/8282]  eta: 1:00:44  loss: 5.878913 (9.645280)  lr: 0.000006 (0.000003)  wd: 0.040005 (0.040002)  time: 0.605833  data: 0.185984  max mem: 11484
Epoch: [0/100]  [1900/8282]  eta: 1:00:41  loss: 5.881423 (9.625272)  lr: 0.000006 (0.000003)  wd: 0.040005 (0.040002)  time: 0.665669  data: 0.242488  max mem: 11484
Epoch: [0/100]  [1910/8282]  eta: 1:00:38  loss: 5.781157 (9.605462)  lr: 0.000006 (0.000003)  wd: 0.040005 (0.040002)  time: 0.647990  data: 0.219369  max mem: 11484
Epoch: [0/100]  [1920/8282]  eta: 1:00:31  loss: 5.733394 (9.584948)  lr: 0.000006 (0.000003)  wd: 0.040005 (0.040002)  time: 0.587885  data: 0.139312  max mem: 11484
Epoch: [0/100]  [1930/8282]  eta: 1:00:24  loss: 5.583872 (9.563679)  lr: 0.000006 (0.000003)  wd: 0.040005 (0.040002)  time: 0.536503  data: 0.108236  max mem: 11484
Epoch: [0/100]  [1940/8282]  eta: 1:00:20  loss: 5.448962 (9.542456)  lr: 0.000006 (0.000003)  wd: 0.040005 (0.040002)  time: 0.587061  data: 0.161450  max mem: 11484
Epoch: [0/100]  [1950/8282]  eta: 1:00:16  loss: 5.525484 (9.521982)  lr: 0.000006 (0.000003)  wd: 0.040005 (0.040002)  time: 0.620817  data: 0.183923  max mem: 11484
Epoch: [0/100]  [1960/8282]  eta: 1:00:10  loss: 5.657964 (9.502961)  lr: 0.000006 (0.000003)  wd: 0.040005 (0.040002)  time: 0.581666  data: 0.156576  max mem: 11484
Epoch: [0/100]  [1970/8282]  eta: 1:00:04  loss: 5.657964 (9.482576)  lr: 0.000006 (0.000003)  wd: 0.040005 (0.040002)  time: 0.554372  data: 0.117898  max mem: 11484
Epoch: [0/100]  [1980/8282]  eta: 0:59:58  loss: 5.536273 (9.463264)  lr: 0.000006 (0.000003)  wd: 0.040005 (0.040002)  time: 0.563951  data: 0.070296  max mem: 11484
Epoch: [0/100]  [1990/8282]  eta: 0:59:54  loss: 5.647579 (9.444398)  lr: 0.000006 (0.000003)  wd: 0.040005 (0.040002)  time: 0.604014  data: 0.017293  max mem: 11484
Epoch: [0/100]  [2000/8282]  eta: 0:59:53  loss: 5.642434 (9.424585)  lr: 0.000006 (0.000003)  wd: 0.040005 (0.040002)  time: 0.675235  data: 0.000874  max mem: 11484
Epoch: [0/100]  [2010/8282]  eta: 0:59:49  loss: 5.524817 (9.404482)  lr: 0.000006 (0.000003)  wd: 0.040005 (0.040002)  time: 0.671594  data: 0.001081  max mem: 11484
Epoch: [0/100]  [2020/8282]  eta: 0:59:43  loss: 5.447864 (9.385118)  lr: 0.000006 (0.000003)  wd: 0.040005 (0.040002)  time: 0.603053  data: 0.001133  max mem: 11484
Epoch: [0/100]  [2030/8282]  eta: 0:59:36  loss: 5.441004 (9.365699)  lr: 0.000006 (0.000003)  wd: 0.040005 (0.040002)  time: 0.551599  data: 0.000856  max mem: 11484
Epoch: [0/100]  [2040/8282]  eta: 0:59:29  loss: 5.421622 (9.346331)  lr: 0.000006 (0.000003)  wd: 0.040005 (0.040002)  time: 0.518582  data: 0.000529  max mem: 11484
Epoch: [0/100]  [2050/8282]  eta: 0:59:23  loss: 5.433242 (9.326912)  lr: 0.000006 (0.000003)  wd: 0.040005 (0.040002)  time: 0.539557  data: 0.000273  max mem: 11484
Epoch: [0/100]  [2060/8282]  eta: 0:59:15  loss: 5.580317 (9.309091)  lr: 0.000006 (0.000003)  wd: 0.040005 (0.040002)  time: 0.528838  data: 0.001023  max mem: 11484
Epoch: [0/100]  [2070/8282]  eta: 0:59:09  loss: 5.592728 (9.290142)  lr: 0.000006 (0.000003)  wd: 0.040005 (0.040002)  time: 0.525892  data: 0.001363  max mem: 11484
Epoch: [0/100]  [2080/8282]  eta: 0:59:05  loss: 5.312485 (9.270974)  lr: 0.000006 (0.000003)  wd: 0.040006 (0.040002)  time: 0.597193  data: 0.001807  max mem: 11484
Epoch: [0/100]  [2090/8282]  eta: 0:58:59  loss: 5.148799 (9.250719)  lr: 0.000006 (0.000003)  wd: 0.040006 (0.040002)  time: 0.601903  data: 0.001511  max mem: 11484
Epoch: [0/100]  [2100/8282]  eta: 0:58:55  loss: 5.295012 (9.232095)  lr: 0.000006 (0.000003)  wd: 0.040006 (0.040002)  time: 0.606431  data: 0.000307  max mem: 11484
Epoch: [0/100]  [2110/8282]  eta: 0:58:49  loss: 5.380902 (9.213604)  lr: 0.000006 (0.000003)  wd: 0.040006 (0.040002)  time: 0.588819  data: 0.000314  max mem: 11484
Epoch: [0/100]  [2120/8282]  eta: 0:58:43  loss: 5.257731 (9.194160)  lr: 0.000006 (0.000003)  wd: 0.040006 (0.040002)  time: 0.560241  data: 0.000381  max mem: 11484
Epoch: [0/100]  [2130/8282]  eta: 0:58:42  loss: 5.131570 (9.175679)  lr: 0.000006 (0.000003)  wd: 0.040006 (0.040002)  time: 0.663198  data: 0.000622  max mem: 11484
Epoch: [0/100]  [2140/8282]  eta: 0:58:36  loss: 5.009352 (9.155998)  lr: 0.000006 (0.000003)  wd: 0.040006 (0.040002)  time: 0.637907  data: 0.000733  max mem: 11484
Epoch: [0/100]  [2150/8282]  eta: 0:58:30  loss: 4.922864 (9.135925)  lr: 0.000006 (0.000003)  wd: 0.040006 (0.040002)  time: 0.553104  data: 0.000804  max mem: 11484
Epoch: [0/100]  [2160/8282]  eta: 0:58:25  loss: 4.979287 (9.117128)  lr: 0.000006 (0.000003)  wd: 0.040006 (0.040002)  time: 0.596226  data: 0.000629  max mem: 11484
Epoch: [0/100]  [2170/8282]  eta: 0:58:19  loss: 5.144705 (9.098982)  lr: 0.000007 (0.000003)  wd: 0.040006 (0.040002)  time: 0.574803  data: 0.001750  max mem: 11484
Epoch: [0/100]  [2180/8282]  eta: 0:58:15  loss: 5.148928 (9.080962)  lr: 0.000007 (0.000003)  wd: 0.040006 (0.040002)  time: 0.585319  data: 0.002048  max mem: 11484
Epoch: [0/100]  [2190/8282]  eta: 0:58:10  loss: 5.148928 (9.062992)  lr: 0.000007 (0.000003)  wd: 0.040006 (0.040002)  time: 0.627515  data: 0.001080  max mem: 11484
Epoch: [0/100]  [2200/8282]  eta: 0:58:04  loss: 5.068957 (9.044534)  lr: 0.000007 (0.000003)  wd: 0.040006 (0.040002)  time: 0.584136  data: 0.000813  max mem: 11484
Epoch: [0/100]  [2210/8282]  eta: 0:57:58  loss: 5.085947 (9.027033)  lr: 0.000007 (0.000003)  wd: 0.040006 (0.040002)  time: 0.564492  data: 0.000367  max mem: 11484
Epoch: [0/100]  [2220/8282]  eta: 0:57:54  loss: 5.209550 (9.009366)  lr: 0.000007 (0.000003)  wd: 0.040006 (0.040002)  time: 0.602804  data: 0.000684  max mem: 11484
Epoch: [0/100]  [2230/8282]  eta: 0:57:48  loss: 5.209550 (8.992658)  lr: 0.000007 (0.000003)  wd: 0.040006 (0.040002)  time: 0.597255  data: 0.000765  max mem: 11484
Epoch: [0/100]  [2240/8282]  eta: 0:57:48  loss: 5.125227 (8.975447)  lr: 0.000007 (0.000003)  wd: 0.040006 (0.040002)  time: 0.664775  data: 0.001338  max mem: 11484
Epoch: [0/100]  [2250/8282]  eta: 0:57:44  loss: 5.282294 (8.959310)  lr: 0.000007 (0.000003)  wd: 0.040006 (0.040002)  time: 0.715016  data: 0.001734  max mem: 11484
Epoch: [0/100]  [2260/8282]  eta: 0:57:39  loss: 5.318292 (8.942972)  lr: 0.000007 (0.000003)  wd: 0.040007 (0.040002)  time: 0.624798  data: 0.000842  max mem: 11484
Epoch: [0/100]  [2270/8282]  eta: 0:57:33  loss: 5.007247 (8.925015)  lr: 0.000007 (0.000003)  wd: 0.040007 (0.040002)  time: 0.580933  data: 0.000381  max mem: 11484
Epoch: [0/100]  [2280/8282]  eta: 0:57:28  loss: 4.961879 (8.908461)  lr: 0.000007 (0.000003)  wd: 0.040007 (0.040002)  time: 0.589515  data: 0.000602  max mem: 11484
Epoch: [0/100]  [2290/8282]  eta: 0:57:25  loss: 5.119582 (8.892112)  lr: 0.000007 (0.000003)  wd: 0.040007 (0.040002)  time: 0.641237  data: 0.001277  max mem: 11484
Epoch: [0/100]  [2300/8282]  eta: 0:57:18  loss: 5.035265 (8.874745)  lr: 0.000007 (0.000003)  wd: 0.040007 (0.040002)  time: 0.604434  data: 0.001067  max mem: 11484
Epoch: [0/100]  [2310/8282]  eta: 0:57:13  loss: 5.015595 (8.858480)  lr: 0.000007 (0.000003)  wd: 0.040007 (0.040002)  time: 0.557225  data: 0.000367  max mem: 11484
Epoch: [0/100]  [2320/8282]  eta: 0:57:05  loss: 5.093519 (8.841831)  lr: 0.000007 (0.000004)  wd: 0.040007 (0.040002)  time: 0.536282  data: 0.000771  max mem: 11484
Epoch: [0/100]  [2330/8282]  eta: 0:57:01  loss: 5.100537 (8.826323)  lr: 0.000007 (0.000004)  wd: 0.040007 (0.040002)  time: 0.564951  data: 0.000771  max mem: 11484
Epoch: [0/100]  [2340/8282]  eta: 0:56:55  loss: 4.984478 (8.809381)  lr: 0.000007 (0.000004)  wd: 0.040007 (0.040002)  time: 0.617269  data: 0.001550  max mem: 11484
Epoch: [0/100]  [2350/8282]  eta: 0:56:51  loss: 4.902445 (8.793009)  lr: 0.000007 (0.000004)  wd: 0.040007 (0.040002)  time: 0.612322  data: 0.002315  max mem: 11484
Epoch: [0/100]  [2360/8282]  eta: 0:56:48  loss: 4.902445 (8.776875)  lr: 0.000007 (0.000004)  wd: 0.040007 (0.040002)  time: 0.652428  data: 0.001093  max mem: 11484
Epoch: [0/100]  [2370/8282]  eta: 0:56:41  loss: 4.999270 (8.760909)  lr: 0.000007 (0.000004)  wd: 0.040007 (0.040002)  time: 0.598740  data: 0.000306  max mem: 11484
Epoch: [0/100]  [2380/8282]  eta: 0:56:36  loss: 4.873433 (8.744815)  lr: 0.000007 (0.000004)  wd: 0.040007 (0.040002)  time: 0.569384  data: 0.000332  max mem: 11484
Epoch: [0/100]  [2390/8282]  eta: 0:56:30  loss: 4.873433 (8.729461)  lr: 0.000007 (0.000004)  wd: 0.040007 (0.040002)  time: 0.596260  data: 0.000335  max mem: 11484
Epoch: [0/100]  [2400/8282]  eta: 0:56:26  loss: 5.067856 (8.714398)  lr: 0.000007 (0.000004)  wd: 0.040007 (0.040002)  time: 0.614871  data: 0.000590  max mem: 11484
Epoch: [0/100]  [2410/8282]  eta: 0:56:20  loss: 5.052771 (8.698266)  lr: 0.000007 (0.000004)  wd: 0.040007 (0.040003)  time: 0.598912  data: 0.000808  max mem: 11484
Epoch: [0/100]  [2420/8282]  eta: 0:56:17  loss: 4.811353 (8.683016)  lr: 0.000007 (0.000004)  wd: 0.040008 (0.040003)  time: 0.618791  data: 0.000567  max mem: 11484
Epoch: [0/100]  [2430/8282]  eta: 0:56:11  loss: 4.716391 (8.666995)  lr: 0.000007 (0.000004)  wd: 0.040008 (0.040003)  time: 0.636217  data: 0.000440  max mem: 11484
Epoch: [0/100]  [2440/8282]  eta: 0:56:07  loss: 5.005557 (8.652202)  lr: 0.000007 (0.000004)  wd: 0.040008 (0.040003)  time: 0.601579  data: 0.000422  max mem: 11484
Epoch: [0/100]  [2450/8282]  eta: 0:56:03  loss: 4.996391 (8.636460)  lr: 0.000007 (0.000004)  wd: 0.040008 (0.040003)  time: 0.638168  data: 0.000338  max mem: 11484
Epoch: [0/100]  [2460/8282]  eta: 0:55:58  loss: 4.812822 (8.621346)  lr: 0.000007 (0.000004)  wd: 0.040008 (0.040003)  time: 0.635802  data: 0.000344  max mem: 11484
Epoch: [0/100]  [2470/8282]  eta: 0:55:50  loss: 4.843592 (8.606592)  lr: 0.000007 (0.000004)  wd: 0.040008 (0.040003)  time: 0.550399  data: 0.000309  max mem: 11484
Epoch: [0/100]  [2480/8282]  eta: 0:55:42  loss: 4.843592 (8.591126)  lr: 0.000007 (0.000004)  wd: 0.040008 (0.040003)  time: 0.493121  data: 0.000568  max mem: 11484
Epoch: [0/100]  [2490/8282]  eta: 0:55:39  loss: 4.614086 (8.575284)  lr: 0.000007 (0.000004)  wd: 0.040008 (0.040003)  time: 0.585499  data: 0.001064  max mem: 11484
Epoch: [0/100]  [2500/8282]  eta: 0:55:34  loss: 4.614086 (8.559505)  lr: 0.000008 (0.000004)  wd: 0.040008 (0.040003)  time: 0.635314  data: 0.001028  max mem: 11484
Epoch: [0/100]  [2510/8282]  eta: 0:55:31  loss: 4.672226 (8.543948)  lr: 0.000008 (0.000004)  wd: 0.040008 (0.040003)  time: 0.655602  data: 0.003131  max mem: 11484
Epoch: [0/100]  [2520/8282]  eta: 0:55:24  loss: 4.672226 (8.528624)  lr: 0.000008 (0.000004)  wd: 0.040008 (0.040003)  time: 0.628723  data: 0.003244  max mem: 11484
Epoch: [0/100]  [2530/8282]  eta: 0:55:18  loss: 4.664502 (8.513367)  lr: 0.000008 (0.000004)  wd: 0.040008 (0.040003)  time: 0.554870  data: 0.000732  max mem: 11484
Epoch: [0/100]  [2540/8282]  eta: 0:55:14  loss: 4.704734 (8.498642)  lr: 0.000008 (0.000004)  wd: 0.040008 (0.040003)  time: 0.602711  data: 0.001106  max mem: 11484
Epoch: [0/100]  [2550/8282]  eta: 0:55:09  loss: 4.793193 (8.484421)  lr: 0.000008 (0.000004)  wd: 0.040008 (0.040003)  time: 0.634469  data: 0.001029  max mem: 11484
Epoch: [0/100]  [2560/8282]  eta: 0:55:03  loss: 4.777610 (8.469816)  lr: 0.000008 (0.000004)  wd: 0.040008 (0.040003)  time: 0.589417  data: 0.000316  max mem: 11484
Epoch: [0/100]  [2570/8282]  eta: 0:54:58  loss: 4.705444 (8.454853)  lr: 0.000008 (0.000004)  wd: 0.040008 (0.040003)  time: 0.573598  data: 0.000349  max mem: 11484
Epoch: [0/100]  [2580/8282]  eta: 0:54:51  loss: 4.705643 (8.440576)  lr: 0.000008 (0.000004)  wd: 0.040009 (0.040003)  time: 0.568263  data: 0.000370  max mem: 11484
Epoch: [0/100]  [2590/8282]  eta: 0:54:46  loss: 4.675267 (8.426266)  lr: 0.000008 (0.000004)  wd: 0.040009 (0.040003)  time: 0.574360  data: 0.000397  max mem: 11484
Epoch: [0/100]  [2600/8282]  eta: 0:54:40  loss: 4.529589 (8.411687)  lr: 0.000008 (0.000004)  wd: 0.040009 (0.040003)  time: 0.580131  data: 0.000647  max mem: 11484
Epoch: [0/100]  [2610/8282]  eta: 0:54:36  loss: 4.633059 (8.397510)  lr: 0.000008 (0.000004)  wd: 0.040009 (0.040003)  time: 0.618230  data: 0.000586  max mem: 11484
Epoch: [0/100]  [2620/8282]  eta: 0:54:32  loss: 4.522319 (8.382689)  lr: 0.000008 (0.000004)  wd: 0.040009 (0.040003)  time: 0.661380  data: 0.000345  max mem: 11484
Epoch: [0/100]  [2630/8282]  eta: 0:54:24  loss: 4.522319 (8.368715)  lr: 0.000008 (0.000004)  wd: 0.040009 (0.040003)  time: 0.561076  data: 0.000384  max mem: 11484
Epoch: [0/100]  [2640/8282]  eta: 0:54:19  loss: 4.606297 (8.354548)  lr: 0.000008 (0.000004)  wd: 0.040009 (0.040003)  time: 0.550542  data: 0.000469  max mem: 11484
Epoch: [0/100]  [2650/8282]  eta: 0:54:12  loss: 4.559484 (8.340631)  lr: 0.000008 (0.000004)  wd: 0.040009 (0.040003)  time: 0.565269  data: 0.001087  max mem: 11484
Epoch: [0/100]  [2660/8282]  eta: 0:54:06  loss: 4.727509 (8.327054)  lr: 0.000008 (0.000004)  wd: 0.040009 (0.040003)  time: 0.532896  data: 0.001013  max mem: 11484
Epoch: [0/100]  [2670/8282]  eta: 0:54:02  loss: 4.727509 (8.312515)  lr: 0.000008 (0.000004)  wd: 0.040009 (0.040003)  time: 0.618553  data: 0.000429  max mem: 11484
Epoch: [0/100]  [2680/8282]  eta: 0:53:56  loss: 4.581884 (8.298922)  lr: 0.000008 (0.000004)  wd: 0.040009 (0.040003)  time: 0.622088  data: 0.000676  max mem: 11484
Epoch: [0/100]  [2690/8282]  eta: 0:53:49  loss: 4.581884 (8.285084)  lr: 0.000008 (0.000004)  wd: 0.040009 (0.040003)  time: 0.546081  data: 0.000620  max mem: 11484
Epoch: [0/100]  [2700/8282]  eta: 0:53:43  loss: 4.529940 (8.270927)  lr: 0.000008 (0.000004)  wd: 0.040009 (0.040003)  time: 0.545106  data: 0.000332  max mem: 11484
Epoch: [0/100]  [2710/8282]  eta: 0:53:37  loss: 4.524651 (8.257480)  lr: 0.000008 (0.000004)  wd: 0.040009 (0.040003)  time: 0.556382  data: 0.000638  max mem: 11484
Epoch: [0/100]  [2720/8282]  eta: 0:53:34  loss: 4.584360 (8.244021)  lr: 0.000008 (0.000004)  wd: 0.040010 (0.040003)  time: 0.640709  data: 0.000653  max mem: 11484
Epoch: [0/100]  [2730/8282]  eta: 0:53:28  loss: 4.634890 (8.231210)  lr: 0.000008 (0.000004)  wd: 0.040010 (0.040003)  time: 0.637083  data: 0.000601  max mem: 11484
Epoch: [0/100]  [2740/8282]  eta: 0:53:22  loss: 4.584781 (8.217452)  lr: 0.000008 (0.000004)  wd: 0.040010 (0.040003)  time: 0.554218  data: 0.000866  max mem: 11484
Epoch: [0/100]  [2750/8282]  eta: 0:53:15  loss: 4.450731 (8.203745)  lr: 0.000008 (0.000004)  wd: 0.040010 (0.040003)  time: 0.547566  data: 0.000781  max mem: 11484
Epoch: [0/100]  [2760/8282]  eta: 0:53:07  loss: 4.462563 (8.190322)  lr: 0.000008 (0.000004)  wd: 0.040010 (0.040003)  time: 0.512990  data: 0.000502  max mem: 11484
Epoch: [0/100]  [2770/8282]  eta: 0:52:59  loss: 4.475455 (8.177105)  lr: 0.000008 (0.000004)  wd: 0.040010 (0.040003)  time: 0.461738  data: 0.000423  max mem: 11484
Epoch: [0/100]  [2780/8282]  eta: 0:52:56  loss: 4.483614 (8.164269)  lr: 0.000008 (0.000004)  wd: 0.040010 (0.040003)  time: 0.579365  data: 0.000820  max mem: 11484
Epoch: [0/100]  [2790/8282]  eta: 0:52:50  loss: 4.511768 (8.151132)  lr: 0.000008 (0.000004)  wd: 0.040010 (0.040003)  time: 0.640913  data: 0.001173  max mem: 11484
Epoch: [0/100]  [2800/8282]  eta: 0:52:43  loss: 4.450297 (8.138075)  lr: 0.000008 (0.000004)  wd: 0.040010 (0.040003)  time: 0.538926  data: 0.000806  max mem: 11484
Epoch: [0/100]  [2810/8282]  eta: 0:52:37  loss: 4.391045 (8.124591)  lr: 0.000008 (0.000004)  wd: 0.040010 (0.040003)  time: 0.537620  data: 0.000351  max mem: 11484
Epoch: [0/100]  [2820/8282]  eta: 0:52:29  loss: 4.407557 (8.111891)  lr: 0.000008 (0.000004)  wd: 0.040010 (0.040003)  time: 0.504557  data: 0.000722  max mem: 11484
Epoch: [0/100]  [2830/8282]  eta: 0:52:22  loss: 4.341792 (8.098362)  lr: 0.000009 (0.000004)  wd: 0.040010 (0.040003)  time: 0.506301  data: 0.000840  max mem: 11484
Epoch: [0/100]  [2840/8282]  eta: 0:52:21  loss: 4.354846 (8.085781)  lr: 0.000009 (0.000004)  wd: 0.040010 (0.040003)  time: 0.674947  data: 0.000769  max mem: 11484
Epoch: [0/100]  [2850/8282]  eta: 0:52:16  loss: 4.462357 (8.073393)  lr: 0.000009 (0.000004)  wd: 0.040010 (0.040004)  time: 0.713913  data: 0.000783  max mem: 11484
Epoch: [0/100]  [2860/8282]  eta: 0:52:09  loss: 4.462357 (8.060972)  lr: 0.000009 (0.000004)  wd: 0.040011 (0.040004)  time: 0.576843  data: 0.000468  max mem: 11484
Epoch: [0/100]  [2870/8282]  eta: 0:52:04  loss: 4.593117 (8.048687)  lr: 0.000009 (0.000004)  wd: 0.040011 (0.040004)  time: 0.551138  data: 0.000364  max mem: 11484
Epoch: [0/100]  [2880/8282]  eta: 0:51:58  loss: 4.593117 (8.036784)  lr: 0.000009 (0.000004)  wd: 0.040011 (0.040004)  time: 0.574859  data: 0.000644  max mem: 11484
Epoch: [0/100]  [2890/8282]  eta: 0:51:54  loss: 4.563618 (8.024623)  lr: 0.000009 (0.000004)  wd: 0.040011 (0.040004)  time: 0.643181  data: 0.001378  max mem: 11484
Epoch: [0/100]  [2900/8282]  eta: 0:51:50  loss: 4.396701 (8.012454)  lr: 0.000009 (0.000004)  wd: 0.040011 (0.040004)  time: 0.679710  data: 0.001108  max mem: 11484
Epoch: [0/100]  [2910/8282]  eta: 0:51:45  loss: 4.501252 (8.000973)  lr: 0.000009 (0.000004)  wd: 0.040011 (0.040004)  time: 0.642692  data: 0.000394  max mem: 11484
Epoch: [0/100]  [2920/8282]  eta: 0:51:40  loss: 4.701925 (7.989421)  lr: 0.000009 (0.000004)  wd: 0.040011 (0.040004)  time: 0.613229  data: 0.000766  max mem: 11484
Epoch: [0/100]  [2930/8282]  eta: 0:51:33  loss: 4.546843 (7.977085)  lr: 0.000009 (0.000004)  wd: 0.040011 (0.040004)  time: 0.545727  data: 0.000772  max mem: 11484
Epoch: [0/100]  [2940/8282]  eta: 0:51:27  loss: 4.323138 (7.964318)  lr: 0.000009 (0.000004)  wd: 0.040011 (0.040004)  time: 0.552256  data: 0.000349  max mem: 11484
Epoch: [0/100]  [2950/8282]  eta: 0:51:25  loss: 4.348912 (7.952477)  lr: 0.000009 (0.000004)  wd: 0.040011 (0.040004)  time: 0.698494  data: 0.000685  max mem: 11484
Epoch: [0/100]  [2960/8282]  eta: 0:51:19  loss: 4.376734 (7.940389)  lr: 0.000009 (0.000004)  wd: 0.040011 (0.040004)  time: 0.676726  data: 0.000716  max mem: 11484
Epoch: [0/100]  [2970/8282]  eta: 0:51:12  loss: 4.433238 (7.928622)  lr: 0.000009 (0.000004)  wd: 0.040011 (0.040004)  time: 0.525290  data: 0.001583  max mem: 11484
Epoch: [0/100]  [2980/8282]  eta: 0:51:08  loss: 4.478187 (7.917114)  lr: 0.000009 (0.000004)  wd: 0.040011 (0.040004)  time: 0.582462  data: 0.001879  max mem: 11484
Epoch: [0/100]  [2990/8282]  eta: 0:51:02  loss: 4.369517 (7.905368)  lr: 0.000009 (0.000005)  wd: 0.040012 (0.040004)  time: 0.620948  data: 0.000645  max mem: 11484
Epoch: [0/100]  [3000/8282]  eta: 0:50:58  loss: 4.252538 (7.892755)  lr: 0.000009 (0.000005)  wd: 0.040012 (0.040004)  time: 0.641628  data: 0.000463  max mem: 11484
Epoch: [0/100]  [3010/8282]  eta: 0:50:54  loss: 4.203612 (7.880855)  lr: 0.000009 (0.000005)  wd: 0.040012 (0.040004)  time: 0.685790  data: 0.000870  max mem: 11484
Epoch: [0/100]  [3020/8282]  eta: 0:50:46  loss: 4.385211 (7.869524)  lr: 0.000009 (0.000005)  wd: 0.040012 (0.040004)  time: 0.547983  data: 0.001784  max mem: 11484
Epoch: [0/100]  [3030/8282]  eta: 0:50:39  loss: 4.592233 (7.858436)  lr: 0.000009 (0.000005)  wd: 0.040012 (0.040004)  time: 0.470397  data: 0.002217  max mem: 11484
Epoch: [0/100]  [3040/8282]  eta: 0:50:31  loss: 4.488503 (7.847399)  lr: 0.000009 (0.000005)  wd: 0.040012 (0.040004)  time: 0.499084  data: 0.002729  max mem: 11484
Epoch: [0/100]  [3050/8282]  eta: 0:50:26  loss: 4.428658 (7.836229)  lr: 0.000009 (0.000005)  wd: 0.040012 (0.040004)  time: 0.547826  data: 0.002011  max mem: 11484
Epoch: [0/100]  [3060/8282]  eta: 0:50:23  loss: 4.325228 (7.825099)  lr: 0.000009 (0.000005)  wd: 0.040012 (0.040004)  time: 0.672972  data: 0.000472  max mem: 11484
Epoch: [0/100]  [3070/8282]  eta: 0:50:19  loss: 4.262916 (7.813708)  lr: 0.000009 (0.000005)  wd: 0.040012 (0.040004)  time: 0.714389  data: 0.000849  max mem: 11484
Epoch: [0/100]  [3080/8282]  eta: 0:50:13  loss: 4.281215 (7.802739)  lr: 0.000009 (0.000005)  wd: 0.040012 (0.040004)  time: 0.641423  data: 0.000998  max mem: 11484
Epoch: [0/100]  [3090/8282]  eta: 0:50:07  loss: 4.374285 (7.791721)  lr: 0.000009 (0.000005)  wd: 0.040012 (0.040004)  time: 0.576461  data: 0.000518  max mem: 11484
Epoch: [0/100]  [3100/8282]  eta: 0:50:01  loss: 4.399032 (7.780986)  lr: 0.000009 (0.000005)  wd: 0.040012 (0.040004)  time: 0.551589  data: 0.000475  max mem: 11484
Epoch: [0/100]  [3110/8282]  eta: 0:49:56  loss: 4.289325 (7.769802)  lr: 0.000009 (0.000005)  wd: 0.040012 (0.040004)  time: 0.577076  data: 0.000444  max mem: 11484
Epoch: [0/100]  [3120/8282]  eta: 0:49:53  loss: 4.354079 (7.759170)  lr: 0.000009 (0.000005)  wd: 0.040013 (0.040004)  time: 0.686183  data: 0.000340  max mem: 11484
Epoch: [0/100]  [3130/8282]  eta: 0:49:47  loss: 4.363719 (7.747575)  lr: 0.000009 (0.000005)  wd: 0.040013 (0.040004)  time: 0.680729  data: 0.001015  max mem: 11484
Epoch: [0/100]  [3140/8282]  eta: 0:49:42  loss: 4.363719 (7.737452)  lr: 0.000009 (0.000005)  wd: 0.040013 (0.040004)  time: 0.590913  data: 0.001337  max mem: 11484
Epoch: [0/100]  [3150/8282]  eta: 0:49:35  loss: 4.431090 (7.726549)  lr: 0.000009 (0.000005)  wd: 0.040013 (0.040004)  time: 0.567071  data: 0.000711  max mem: 11484
Epoch: [0/100]  [3160/8282]  eta: 0:49:31  loss: 4.215279 (7.715974)  lr: 0.000010 (0.000005)  wd: 0.040013 (0.040004)  time: 0.618240  data: 0.004713  max mem: 11484
Epoch: [0/100]  [3170/8282]  eta: 0:49:29  loss: 4.375916 (7.705859)  lr: 0.000010 (0.000005)  wd: 0.040013 (0.040004)  time: 0.739231  data: 0.004876  max mem: 11484
Epoch: [0/100]  [3180/8282]  eta: 0:49:23  loss: 4.435615 (7.695643)  lr: 0.000010 (0.000005)  wd: 0.040013 (0.040004)  time: 0.678881  data: 0.000553  max mem: 11484
Epoch: [0/100]  [3190/8282]  eta: 0:49:18  loss: 4.336980 (7.684840)  lr: 0.000010 (0.000005)  wd: 0.040013 (0.040004)  time: 0.600529  data: 0.001359  max mem: 11484
Epoch: [0/100]  [3200/8282]  eta: 0:49:11  loss: 4.230271 (7.674610)  lr: 0.000010 (0.000005)  wd: 0.040013 (0.040004)  time: 0.574438  data: 0.001350  max mem: 11484
Epoch: [0/100]  [3210/8282]  eta: 0:49:06  loss: 4.420659 (7.664904)  lr: 0.000010 (0.000005)  wd: 0.040013 (0.040004)  time: 0.562855  data: 0.000442  max mem: 11484
Epoch: [0/100]  [3220/8282]  eta: 0:49:02  loss: 4.433904 (7.654415)  lr: 0.000010 (0.000005)  wd: 0.040013 (0.040004)  time: 0.668846  data: 0.000418  max mem: 11484
Epoch: [0/100]  [3230/8282]  eta: 0:49:00  loss: 4.280855 (7.644009)  lr: 0.000010 (0.000005)  wd: 0.040013 (0.040005)  time: 0.756171  data: 0.000327  max mem: 11484
Epoch: [0/100]  [3240/8282]  eta: 0:48:54  loss: 4.224953 (7.633276)  lr: 0.000010 (0.000005)  wd: 0.040014 (0.040005)  time: 0.690081  data: 0.000544  max mem: 11484
Epoch: [0/100]  [3250/8282]  eta: 0:48:48  loss: 4.224953 (7.622788)  lr: 0.000010 (0.000005)  wd: 0.040014 (0.040005)  time: 0.580185  data: 0.000814  max mem: 11484
Epoch: [0/100]  [3260/8282]  eta: 0:48:42  loss: 4.217243 (7.612378)  lr: 0.000010 (0.000005)  wd: 0.040014 (0.040005)  time: 0.566025  data: 0.001306  max mem: 11484
Epoch: [0/100]  [3270/8282]  eta: 0:48:34  loss: 4.406124 (7.602678)  lr: 0.000010 (0.000005)  wd: 0.040014 (0.040005)  time: 0.516511  data: 0.001537  max mem: 11484
Epoch: [0/100]  [3280/8282]  eta: 0:48:28  loss: 4.422862 (7.592507)  lr: 0.000010 (0.000005)  wd: 0.040014 (0.040005)  time: 0.501522  data: 0.001429  max mem: 11484
Epoch: [0/100]  [3290/8282]  eta: 0:48:23  loss: 4.222226 (7.582532)  lr: 0.000010 (0.000005)  wd: 0.040014 (0.040005)  time: 0.579220  data: 0.000948  max mem: 11484
Epoch: [0/100]  [3300/8282]  eta: 0:48:16  loss: 4.228266 (7.572478)  lr: 0.000010 (0.000005)  wd: 0.040014 (0.040005)  time: 0.589651  data: 0.001182  max mem: 11484
Epoch: [0/100]  [3310/8282]  eta: 0:48:11  loss: 4.265409 (7.562868)  lr: 0.000010 (0.000005)  wd: 0.040014 (0.040005)  time: 0.582504  data: 0.001702  max mem: 11484
Epoch: [0/100]  [3320/8282]  eta: 0:48:06  loss: 4.361242 (7.552995)  lr: 0.000010 (0.000005)  wd: 0.040014 (0.040005)  time: 0.613176  data: 0.000907  max mem: 11484
Epoch: [0/100]  [3330/8282]  eta: 0:47:59  loss: 4.324527 (7.542759)  lr: 0.000010 (0.000005)  wd: 0.040014 (0.040005)  time: 0.581616  data: 0.000667  max mem: 11484
Epoch: [0/100]  [3340/8282]  eta: 0:47:55  loss: 4.231306 (7.533120)  lr: 0.000010 (0.000005)  wd: 0.040014 (0.040005)  time: 0.612111  data: 0.000677  max mem: 11484
Epoch: [0/100]  [3350/8282]  eta: 0:47:49  loss: 4.301785 (7.523366)  lr: 0.000010 (0.000005)  wd: 0.040014 (0.040005)  time: 0.640220  data: 0.000411  max mem: 11484
Epoch: [0/100]  [3360/8282]  eta: 0:47:44  loss: 4.207495 (7.513747)  lr: 0.000010 (0.000005)  wd: 0.040015 (0.040005)  time: 0.593053  data: 0.000490  max mem: 11484
Epoch: [0/100]  [3370/8282]  eta: 0:47:38  loss: 4.185140 (7.504074)  lr: 0.000010 (0.000005)  wd: 0.040015 (0.040005)  time: 0.583915  data: 0.000635  max mem: 11484
Epoch: [0/100]  [3380/8282]  eta: 0:47:33  loss: 4.182127 (7.494574)  lr: 0.000010 (0.000005)  wd: 0.040015 (0.040005)  time: 0.603895  data: 0.000771  max mem: 11484
Epoch: [0/100]  [3390/8282]  eta: 0:47:26  loss: 4.081603 (7.484562)  lr: 0.000010 (0.000005)  wd: 0.040015 (0.040005)  time: 0.559954  data: 0.000619  max mem: 11484
Epoch: [0/100]  [3400/8282]  eta: 0:47:22  loss: 4.019496 (7.474628)  lr: 0.000010 (0.000005)  wd: 0.040015 (0.040005)  time: 0.624577  data: 0.000406  max mem: 11484
Epoch: [0/100]  [3410/8282]  eta: 0:47:17  loss: 4.199270 (7.465145)  lr: 0.000010 (0.000005)  wd: 0.040015 (0.040005)  time: 0.669185  data: 0.000610  max mem: 11484
Epoch: [0/100]  [3420/8282]  eta: 0:47:10  loss: 4.239479 (7.455772)  lr: 0.000010 (0.000005)  wd: 0.040015 (0.040005)  time: 0.556020  data: 0.000889  max mem: 11484
Epoch: [0/100]  [3430/8282]  eta: 0:47:05  loss: 4.239479 (7.446700)  lr: 0.000010 (0.000005)  wd: 0.040015 (0.040005)  time: 0.587513  data: 0.001592  max mem: 11484
Epoch: [0/100]  [3440/8282]  eta: 0:46:58  loss: 4.224182 (7.437414)  lr: 0.000010 (0.000005)  wd: 0.040015 (0.040005)  time: 0.566694  data: 0.001294  max mem: 11484
Epoch: [0/100]  [3450/8282]  eta: 0:46:52  loss: 4.219040 (7.428207)  lr: 0.000010 (0.000005)  wd: 0.040015 (0.040005)  time: 0.541197  data: 0.000582  max mem: 11484
Epoch: [0/100]  [3460/8282]  eta: 0:46:47  loss: 4.188309 (7.418922)  lr: 0.000010 (0.000005)  wd: 0.040015 (0.040005)  time: 0.604743  data: 0.000547  max mem: 11484
Epoch: [0/100]  [3470/8282]  eta: 0:46:40  loss: 4.204359 (7.409972)  lr: 0.000010 (0.000005)  wd: 0.040016 (0.040005)  time: 0.570200  data: 0.000321  max mem: 11484
Epoch: [0/100]  [3480/8282]  eta: 0:46:34  loss: 4.268418 (7.400729)  lr: 0.000010 (0.000005)  wd: 0.040016 (0.040005)  time: 0.549642  data: 0.000370  max mem: 11484
Epoch: [0/100]  [3490/8282]  eta: 0:46:28  loss: 4.241048 (7.391579)  lr: 0.000011 (0.000005)  wd: 0.040016 (0.040005)  time: 0.557937  data: 0.003817  max mem: 11484
Epoch: [0/100]  [3500/8282]  eta: 0:46:22  loss: 4.100548 (7.382572)  lr: 0.000011 (0.000005)  wd: 0.040016 (0.040005)  time: 0.562784  data: 0.003829  max mem: 11484
Epoch: [0/100]  [3510/8282]  eta: 0:46:17  loss: 4.145597 (7.373606)  lr: 0.000011 (0.000005)  wd: 0.040016 (0.040005)  time: 0.606786  data: 0.000404  max mem: 11484
Epoch: [0/100]  [3520/8282]  eta: 0:46:13  loss: 4.251326 (7.364614)  lr: 0.000011 (0.000005)  wd: 0.040016 (0.040005)  time: 0.667658  data: 0.000668  max mem: 11484
Epoch: [0/100]  [3530/8282]  eta: 0:46:08  loss: 4.087153 (7.355400)  lr: 0.000011 (0.000005)  wd: 0.040016 (0.040005)  time: 0.676134  data: 0.000656  max mem: 11484
Epoch: [0/100]  [3540/8282]  eta: 0:46:03  loss: 4.055864 (7.346102)  lr: 0.000011 (0.000005)  wd: 0.040016 (0.040005)  time: 0.641946  data: 0.000963  max mem: 11484
Epoch: [0/100]  [3550/8282]  eta: 0:45:57  loss: 4.082520 (7.337047)  lr: 0.000011 (0.000005)  wd: 0.040016 (0.040005)  time: 0.620215  data: 0.001642  max mem: 11484
WARNING:torch.distributed.elastic.agent.server.api:Received 1 death signal, shutting down workers
WARNING:torch.distributed.elastic.multiprocessing.api:Sending process 30340 closing signal SIGHUP
WARNING:torch.distributed.elastic.multiprocessing.api:Sending process 30341 closing signal SIGHUP
Traceback (most recent call last):
  File "/home/yipkc/anaconda3/envs/BCNB/lib/python3.7/runpy.py", line 193, in _run_module_as_main
    "__main__", mod_spec)
  File "/home/yipkc/anaconda3/envs/BCNB/lib/python3.7/runpy.py", line 85, in _run_code
    exec(code, run_globals)
  File "/home/yipkc/anaconda3/envs/BCNB/lib/python3.7/site-packages/torch/distributed/launch.py", line 193, in <module>
    main()
  File "/home/yipkc/anaconda3/envs/BCNB/lib/python3.7/site-packages/torch/distributed/launch.py", line 189, in main
    launch(args)
  File "/home/yipkc/anaconda3/envs/BCNB/lib/python3.7/site-packages/torch/distributed/launch.py", line 174, in launch
    run(args)
  File "/home/yipkc/anaconda3/envs/BCNB/lib/python3.7/site-packages/torch/distributed/run.py", line 755, in run
    )(*cmd_args)
  File "/home/yipkc/anaconda3/envs/BCNB/lib/python3.7/site-packages/torch/distributed/launcher/api.py", line 131, in __call__
    return launch_agent(self._config, self._entrypoint, list(args))
  File "/home/yipkc/anaconda3/envs/BCNB/lib/python3.7/site-packages/torch/distributed/launcher/api.py", line 236, in launch_agent
    result = agent.run()
  File "/home/yipkc/anaconda3/envs/BCNB/lib/python3.7/site-packages/torch/distributed/elastic/metrics/api.py", line 125, in wrapper
    result = f(*args, **kwargs)
  File "/home/yipkc/anaconda3/envs/BCNB/lib/python3.7/site-packages/torch/distributed/elastic/agent/server/api.py", line 709, in run
    result = self._invoke_run(role)
  File "/home/yipkc/anaconda3/envs/BCNB/lib/python3.7/site-packages/torch/distributed/elastic/agent/server/api.py", line 850, in _invoke_run
    time.sleep(monitor_interval)
  File "/home/yipkc/anaconda3/envs/BCNB/lib/python3.7/site-packages/torch/distributed/elastic/multiprocessing/api.py", line 60, in _terminate_process_handler
    raise SignalException(f"Process {os.getpid()} got signal: {sigval}", sigval=sigval)
torch.distributed.elastic.multiprocessing.api.SignalException: Process 29262 got signal: 1
